# Logfile created on 2019-09-16 11:36:25 -0400 by logger.rb/66358
I, [2019-09-16T11:36:25.154201 #78484]  INFO -- : [development] Importing <b>cdo_unplugged</b> table from <b>cdo-unplugged.csv</b>
I, [2019-09-16T11:36:25.245960 #78484]  INFO -- : [development] Imported <b>36</b> rows into <b>cdo_unplugged</b>
I, [2019-09-16T11:36:25.246375 #78484]  INFO -- : [development] Importing <b>cdo_concepts_csf</b> table from <b>cdo-concepts-csf.csv</b>
I, [2019-09-16T11:36:25.324160 #78484]  INFO -- : [development] Imported <b>36</b> rows into <b>cdo_concepts_csf</b>
I, [2019-09-16T11:36:25.324570 #78484]  INFO -- : [development] Importing <b>cdo_highlights</b> table from <b>cdo-highlights.csv</b>
I, [2019-09-16T11:36:25.408043 #78484]  INFO -- : [development] Imported <b>82</b> rows into <b>cdo_highlights</b>
I, [2019-09-16T11:36:25.408322 #78484]  INFO -- : [development] Importing <b>cdo_homepage_teachers</b> table from <b>cdo-homepage-teachers.csv</b>
I, [2019-09-16T11:36:25.495350 #78484]  INFO -- : [development] Imported <b>8</b> rows into <b>cdo_homepage_teachers</b>
I, [2019-09-16T11:36:25.495681 #78484]  INFO -- : [development] Importing <b>cdo_contributors</b> table from <b>cdo-contributors.csv</b>
I, [2019-09-16T11:36:25.559671 #78484]  INFO -- : [development] Imported <b>39</b> rows into <b>cdo_contributors</b>
I, [2019-09-16T11:36:25.559969 #78484]  INFO -- : [development] Importing <b>cdo_state_petition_data</b> table from <b>cdo-state-petition-data.csv</b>
I, [2019-09-16T11:36:25.637264 #78484]  INFO -- : [development] Imported <b>51</b> rows into <b>cdo_state_petition_data</b>
I, [2019-09-16T11:36:25.637667 #78484]  INFO -- : [development] Importing <b>cdo_team</b> table from <b>cdo-team.csv</b>
I, [2019-09-16T11:36:25.970326 #78484]  INFO -- : [development] Imported <b>466</b> rows into <b>cdo_team</b>
I, [2019-09-16T11:36:25.970817 #78484]  INFO -- : [development] Importing <b>cdo_languages</b> table from <b>cdo-languages.csv</b>
I, [2019-09-16T11:36:26.040144 #78484]  INFO -- : [development] Imported <b>77</b> rows into <b>cdo_languages</b>
I, [2019-09-16T11:36:26.040469 #78484]  INFO -- : [development] Importing <b>cdo_news_items</b> table from <b>cdo-news-items.csv</b>
I, [2019-09-16T11:36:26.153166 #78484]  INFO -- : [development] Imported <b>101</b> rows into <b>cdo_news_items</b>
I, [2019-09-16T11:36:26.153442 #78484]  INFO -- : [development] Importing <b>cdo_donors</b> table from <b>cdo-donors.csv</b>
I, [2019-09-16T11:36:26.302362 #78484]  INFO -- : [development] Imported <b>131</b> rows into <b>cdo_donors</b>
I, [2019-09-16T11:36:26.302771 #78484]  INFO -- : [development] Importing <b>cdo_standards</b> table from <b>cdo-standards.csv</b>
I, [2019-09-16T11:36:27.165169 #78484]  INFO -- : [development] Imported <b>1693</b> rows into <b>cdo_standards</b>
I, [2019-09-16T11:36:27.165442 #78484]  INFO -- : [development] Importing <b>cdo_state_promote</b> table from <b>cdo-state-promote.csv</b>
I, [2019-09-16T11:36:27.252298 #78484]  INFO -- : [development] Imported <b>52</b> rows into <b>cdo_state_promote</b>
I, [2019-09-16T11:36:27.252638 #78484]  INFO -- : [development] Importing <b>geography_us_zip_codes</b> table from <b>geography-us-zip-codes.csv</b>
I, [2019-09-16T11:36:41.529774 #78484]  INFO -- : [development] Imported <b>41859</b> rows into <b>geography_us_zip_codes</b>
I, [2019-09-16T11:36:41.530047 #78484]  INFO -- : [development] Importing <b>cdo_leaders</b> table from <b>cdo-leaders.csv</b>
I, [2019-09-16T11:36:41.600918 #78484]  INFO -- : [development] Imported <b>73</b> rows into <b>cdo_leaders</b>
I, [2019-09-16T11:36:41.601189 #78484]  INFO -- : [development] Importing <b>cdo_tutorials</b> table from <b>cdo-tutorials.csv</b>
I, [2019-09-16T11:36:42.088911 #78484]  INFO -- : [development] Imported <b>430</b> rows into <b>cdo_tutorials</b>
I, [2019-09-16T11:36:42.089241 #78484]  INFO -- : [development] Importing <b>cdo_beyond_tutorials</b> table from <b>cdo-beyond-tutorials.csv</b>
I, [2019-09-16T11:36:42.150469 #78484]  INFO -- : [development] Imported <b>58</b> rows into <b>cdo_beyond_tutorials</b>
I, [2019-09-16T11:36:42.150822 #78484]  INFO -- : [development] Importing <b>cdo_youtube_videos</b> table from <b>cdo-youtube-videos.csv</b>
I, [2019-09-16T11:36:42.187089 #78484]  INFO -- : [development] Imported <b>6</b> rows into <b>cdo_youtube_videos</b>
I, [2019-09-16T11:36:42.187498 #78484]  INFO -- : [development] Importing <b>cdo_glossary_csf</b> table from <b>cdo-glossary-csf.csv</b>
I, [2019-09-16T11:36:42.249725 #78484]  INFO -- : [development] Imported <b>69</b> rows into <b>cdo_glossary_csf</b>
I, [2019-09-16T11:36:42.250036 #78484]  INFO -- : [development] Importing <b>cdo_quotes</b> table from <b>cdo-quotes.csv</b>
I, [2019-09-16T11:36:42.344044 #78484]  INFO -- : [development] Imported <b>108</b> rows into <b>cdo_quotes</b>
I, [2019-09-16T11:36:42.344315 #78484]  INFO -- : [development] Importing <b>cdo_state_actions</b> table from <b>cdo-state-actions.csv</b>
I, [2019-09-16T11:36:42.398860 #78484]  INFO -- : [development] Imported <b>4</b> rows into <b>cdo_state_actions</b>
I, [2019-09-16T11:36:42.399173 #78484]  INFO -- : [development] Importing <b>cdo_promote_tools</b> table from <b>cdo-promote-tools.csv</b>
I, [2019-09-16T11:36:42.439128 #78484]  INFO -- : [development] Imported <b>12</b> rows into <b>cdo_promote_tools</b>
I, [2019-09-16T11:36:42.439422 #78484]  INFO -- : [development] Importing <b>cdo_partners</b> table from <b>cdo-partners.csv</b>
I, [2019-09-16T11:36:42.718823 #78484]  INFO -- : [development] Imported <b>563</b> rows into <b>cdo_partners</b>
I, [2019-09-16T11:36:42.719087 #78484]  INFO -- : [development] Importing <b>uk_quotes</b> table from <b>uk-quotes.csv</b>
I, [2019-09-16T11:36:42.775206 #78484]  INFO -- : [development] Imported <b>27</b> rows into <b>uk_quotes</b>
I, [2019-09-16T11:36:42.775694 #78484]  INFO -- : [development] Importing <b>cdo_cs_statistics</b> table from <b>cdo-cs-statistics.csv</b>
I, [2019-09-16T11:36:42.839001 #78484]  INFO -- : [development] Imported <b>9</b> rows into <b>cdo_cs_statistics</b>
I, [2019-09-16T11:36:42.839455 #78484]  INFO -- : [development] Importing <b>cdo_lessons</b> table from <b>cdo-lessons.csv</b>
I, [2019-09-16T11:36:42.890738 #78484]  INFO -- : [development] Imported <b>20</b> rows into <b>cdo_lessons</b>
I, [2019-09-16T11:37:16.492435 #78490]  INFO -- : [test] Importing <b>cdo_unplugged</b> table from <b>cdo-unplugged.csv</b>
I, [2019-09-16T11:37:16.588977 #78490]  INFO -- : [test] Imported <b>36</b> rows into <b>cdo_unplugged</b>
I, [2019-09-16T11:37:16.589421 #78490]  INFO -- : [test] Importing <b>cdo_concepts_csf</b> table from <b>cdo-concepts-csf.csv</b>
I, [2019-09-16T11:37:16.644547 #78490]  INFO -- : [test] Imported <b>36</b> rows into <b>cdo_concepts_csf</b>
I, [2019-09-16T11:37:16.644935 #78490]  INFO -- : [test] Importing <b>cdo_highlights</b> table from <b>cdo-highlights.csv</b>
I, [2019-09-16T11:37:16.685304 #78490]  INFO -- : [test] Imported <b>82</b> rows into <b>cdo_highlights</b>
I, [2019-09-16T11:37:16.685656 #78490]  INFO -- : [test] Importing <b>cdo_homepage_teachers</b> table from <b>cdo-homepage-teachers.csv</b>
I, [2019-09-16T11:37:16.717503 #78490]  INFO -- : [test] Imported <b>8</b> rows into <b>cdo_homepage_teachers</b>
I, [2019-09-16T11:37:16.717876 #78490]  INFO -- : [test] Importing <b>cdo_contributors</b> table from <b>cdo-contributors.csv</b>
I, [2019-09-16T11:37:16.747922 #78490]  INFO -- : [test] Imported <b>39</b> rows into <b>cdo_contributors</b>
I, [2019-09-16T11:37:16.748276 #78490]  INFO -- : [test] Importing <b>cdo_state_petition_data</b> table from <b>cdo-state-petition-data.csv</b>
I, [2019-09-16T11:37:16.790114 #78490]  INFO -- : [test] Imported <b>51</b> rows into <b>cdo_state_petition_data</b>
I, [2019-09-16T11:37:16.790482 #78490]  INFO -- : [test] Importing <b>cdo_team</b> table from <b>cdo-team.csv</b>
I, [2019-09-16T11:37:16.948178 #78490]  INFO -- : [test] Imported <b>466</b> rows into <b>cdo_team</b>
I, [2019-09-16T11:37:16.948523 #78490]  INFO -- : [test] Importing <b>cdo_languages</b> table from <b>cdo-languages.csv</b>
I, [2019-09-16T11:37:17.007014 #78490]  INFO -- : [test] Imported <b>77</b> rows into <b>cdo_languages</b>
I, [2019-09-16T11:37:17.007405 #78490]  INFO -- : [test] Importing <b>cdo_news_items</b> table from <b>cdo-news-items.csv</b>
I, [2019-09-16T11:37:17.075070 #78490]  INFO -- : [test] Imported <b>101</b> rows into <b>cdo_news_items</b>
I, [2019-09-16T11:37:17.075399 #78490]  INFO -- : [test] Importing <b>cdo_donors</b> table from <b>cdo-donors.csv</b>
I, [2019-09-16T11:37:17.127132 #78490]  INFO -- : [test] Imported <b>131</b> rows into <b>cdo_donors</b>
I, [2019-09-16T11:37:17.127516 #78490]  INFO -- : [test] Importing <b>cdo_standards</b> table from <b>cdo-standards.csv</b>
I, [2019-09-16T11:37:17.790437 #78490]  INFO -- : [test] Imported <b>1693</b> rows into <b>cdo_standards</b>
I, [2019-09-16T11:37:17.790770 #78490]  INFO -- : [test] Importing <b>cdo_state_promote</b> table from <b>cdo-state-promote.csv</b>
I, [2019-09-16T11:37:17.857065 #78490]  INFO -- : [test] Imported <b>52</b> rows into <b>cdo_state_promote</b>
I, [2019-09-16T11:37:17.857432 #78490]  INFO -- : [test] Importing <b>geography_us_zip_codes</b> table from <b>geography-us-zip-codes.csv</b>
I, [2019-09-16T11:37:31.186320 #78490]  INFO -- : [test] Imported <b>41859</b> rows into <b>geography_us_zip_codes</b>
I, [2019-09-16T11:37:31.186648 #78490]  INFO -- : [test] Importing <b>cdo_leaders</b> table from <b>cdo-leaders.csv</b>
I, [2019-09-16T11:37:31.231577 #78490]  INFO -- : [test] Imported <b>73</b> rows into <b>cdo_leaders</b>
I, [2019-09-16T11:37:31.231903 #78490]  INFO -- : [test] Importing <b>cdo_tutorials</b> table from <b>cdo-tutorials.csv</b>
I, [2019-09-16T11:37:31.596743 #78490]  INFO -- : [test] Imported <b>430</b> rows into <b>cdo_tutorials</b>
I, [2019-09-16T11:37:31.597123 #78490]  INFO -- : [test] Importing <b>cdo_beyond_tutorials</b> table from <b>cdo-beyond-tutorials.csv</b>
I, [2019-09-16T11:37:31.645206 #78490]  INFO -- : [test] Imported <b>58</b> rows into <b>cdo_beyond_tutorials</b>
I, [2019-09-16T11:37:31.645571 #78490]  INFO -- : [test] Importing <b>cdo_youtube_videos</b> table from <b>cdo-youtube-videos.csv</b>
I, [2019-09-16T11:37:31.662477 #78490]  INFO -- : [test] Imported <b>6</b> rows into <b>cdo_youtube_videos</b>
I, [2019-09-16T11:37:31.662845 #78490]  INFO -- : [test] Importing <b>cdo_glossary_csf</b> table from <b>cdo-glossary-csf.csv</b>
I, [2019-09-16T11:37:31.705983 #78490]  INFO -- : [test] Imported <b>69</b> rows into <b>cdo_glossary_csf</b>
I, [2019-09-16T11:37:31.706345 #78490]  INFO -- : [test] Importing <b>cdo_quotes</b> table from <b>cdo-quotes.csv</b>
I, [2019-09-16T11:37:31.768187 #78490]  INFO -- : [test] Imported <b>108</b> rows into <b>cdo_quotes</b>
I, [2019-09-16T11:37:31.768561 #78490]  INFO -- : [test] Importing <b>cdo_state_actions</b> table from <b>cdo-state-actions.csv</b>
I, [2019-09-16T11:37:31.783951 #78490]  INFO -- : [test] Imported <b>4</b> rows into <b>cdo_state_actions</b>
I, [2019-09-16T11:37:31.784312 #78490]  INFO -- : [test] Importing <b>cdo_promote_tools</b> table from <b>cdo-promote-tools.csv</b>
I, [2019-09-16T11:37:31.804327 #78490]  INFO -- : [test] Imported <b>12</b> rows into <b>cdo_promote_tools</b>
I, [2019-09-16T11:37:31.804719 #78490]  INFO -- : [test] Importing <b>cdo_partners</b> table from <b>cdo-partners.csv</b>
I, [2019-09-16T11:37:31.990006 #78490]  INFO -- : [test] Imported <b>563</b> rows into <b>cdo_partners</b>
I, [2019-09-16T11:37:31.990365 #78490]  INFO -- : [test] Importing <b>uk_quotes</b> table from <b>uk-quotes.csv</b>
I, [2019-09-16T11:37:32.025642 #78490]  INFO -- : [test] Imported <b>27</b> rows into <b>uk_quotes</b>
I, [2019-09-16T11:37:32.025988 #78490]  INFO -- : [test] Importing <b>cdo_cs_statistics</b> table from <b>cdo-cs-statistics.csv</b>
I, [2019-09-16T11:37:32.043745 #78490]  INFO -- : [test] Imported <b>9</b> rows into <b>cdo_cs_statistics</b>
I, [2019-09-16T11:37:32.044125 #78490]  INFO -- : [test] Importing <b>cdo_lessons</b> table from <b>cdo-lessons.csv</b>
I, [2019-09-16T11:37:32.077588 #78490]  INFO -- : [test] Imported <b>20</b> rows into <b>cdo_lessons</b>
I, [2019-10-31T12:47:03.554142 #17680]  INFO -- : [development] Moving <b>channel</b> sources to S3...
I, [2019-10-31T12:47:07.366367 #17680]  INFO -- : [development] Importing <b>cdo_unplugged</b> table from <b>cdo-unplugged.csv</b>
I, [2019-10-31T12:47:07.452242 #17680]  INFO -- : [development] Imported <b>36</b> rows into <b>cdo_unplugged</b>
I, [2019-10-31T12:47:07.452562 #17680]  INFO -- : [development] Importing <b>cdo_concepts_csf</b> table from <b>cdo-concepts-csf.csv</b>
I, [2019-10-31T12:47:07.532448 #17680]  INFO -- : [development] Imported <b>36</b> rows into <b>cdo_concepts_csf</b>
I, [2019-10-31T12:47:07.532919 #17680]  INFO -- : [development] Importing <b>cdo_highlights</b> table from <b>cdo-highlights.csv</b>
I, [2019-10-31T12:47:07.609682 #17680]  INFO -- : [development] Imported <b>82</b> rows into <b>cdo_highlights</b>
I, [2019-10-31T12:47:07.609944 #17680]  INFO -- : [development] Importing <b>cdo_homepage_teachers</b> table from <b>cdo-homepage-teachers.csv</b>
I, [2019-10-31T12:47:07.657093 #17680]  INFO -- : [development] Imported <b>8</b> rows into <b>cdo_homepage_teachers</b>
I, [2019-10-31T12:47:07.657409 #17680]  INFO -- : [development] Importing <b>cdo_contributors</b> table from <b>cdo-contributors.csv</b>
I, [2019-10-31T12:47:07.713778 #17680]  INFO -- : [development] Imported <b>39</b> rows into <b>cdo_contributors</b>
I, [2019-10-31T12:47:07.714058 #17680]  INFO -- : [development] Importing <b>cdo_state_petition_data</b> table from <b>cdo-state-petition-data.csv</b>
I, [2019-10-31T12:47:07.811668 #17680]  INFO -- : [development] Imported <b>51</b> rows into <b>cdo_state_petition_data</b>
I, [2019-10-31T12:47:07.812181 #17680]  INFO -- : [development] Importing <b>cdo_team</b> table from <b>cdo-team.csv</b>
I, [2019-10-31T12:47:08.122852 #17680]  INFO -- : [development] Imported <b>466</b> rows into <b>cdo_team</b>
I, [2019-10-31T12:47:08.123110 #17680]  INFO -- : [development] Importing <b>cdo_languages</b> table from <b>cdo-languages.csv</b>
I, [2019-10-31T12:47:08.189571 #17680]  INFO -- : [development] Imported <b>77</b> rows into <b>cdo_languages</b>
I, [2019-10-31T12:47:08.189824 #17680]  INFO -- : [development] Importing <b>cdo_news_items</b> table from <b>cdo-news-items.csv</b>
I, [2019-10-31T12:47:08.292227 #17680]  INFO -- : [development] Imported <b>101</b> rows into <b>cdo_news_items</b>
I, [2019-10-31T12:47:08.292520 #17680]  INFO -- : [development] Importing <b>cdo_donors</b> table from <b>cdo-donors.csv</b>
I, [2019-10-31T12:47:08.399179 #17680]  INFO -- : [development] Imported <b>131</b> rows into <b>cdo_donors</b>
I, [2019-10-31T12:47:08.399441 #17680]  INFO -- : [development] Importing <b>cdo_standards</b> table from <b>cdo-standards.csv</b>
I, [2019-10-31T12:47:09.489134 #17680]  INFO -- : [development] Imported <b>1693</b> rows into <b>cdo_standards</b>
I, [2019-10-31T12:47:09.489417 #17680]  INFO -- : [development] Importing <b>cdo_state_promote</b> table from <b>cdo-state-promote.csv</b>
I, [2019-10-31T12:47:09.594813 #17680]  INFO -- : [development] Imported <b>52</b> rows into <b>cdo_state_promote</b>
I, [2019-10-31T12:47:09.595145 #17680]  INFO -- : [development] Importing <b>geography_us_zip_codes</b> table from <b>geography-us-zip-codes.csv</b>
I, [2019-10-31T12:47:32.948441 #17680]  INFO -- : [development] Imported <b>41859</b> rows into <b>geography_us_zip_codes</b>
I, [2019-10-31T12:47:32.948709 #17680]  INFO -- : [development] Importing <b>cdo_leaders</b> table from <b>cdo-leaders.csv</b>
I, [2019-10-31T12:47:33.020993 #17680]  INFO -- : [development] Imported <b>73</b> rows into <b>cdo_leaders</b>
I, [2019-10-31T12:47:33.021281 #17680]  INFO -- : [development] Importing <b>cdo_tutorials</b> table from <b>cdo-tutorials.csv</b>
I, [2019-10-31T12:47:33.623100 #17680]  INFO -- : [development] Imported <b>430</b> rows into <b>cdo_tutorials</b>
I, [2019-10-31T12:47:33.623419 #17680]  INFO -- : [development] Importing <b>cdo_beyond_tutorials</b> table from <b>cdo-beyond-tutorials.csv</b>
I, [2019-10-31T12:47:33.696796 #17680]  INFO -- : [development] Imported <b>58</b> rows into <b>cdo_beyond_tutorials</b>
I, [2019-10-31T12:47:33.697116 #17680]  INFO -- : [development] Importing <b>cdo_youtube_videos</b> table from <b>cdo-youtube-videos.csv</b>
I, [2019-10-31T12:47:33.735562 #17680]  INFO -- : [development] Imported <b>6</b> rows into <b>cdo_youtube_videos</b>
I, [2019-10-31T12:47:33.735895 #17680]  INFO -- : [development] Importing <b>cdo_glossary_csf</b> table from <b>cdo-glossary-csf.csv</b>
I, [2019-10-31T12:47:33.821234 #17680]  INFO -- : [development] Imported <b>69</b> rows into <b>cdo_glossary_csf</b>
I, [2019-10-31T12:47:33.821526 #17680]  INFO -- : [development] Importing <b>cdo_quotes</b> table from <b>cdo-quotes.csv</b>
I, [2019-10-31T12:47:33.920499 #17680]  INFO -- : [development] Imported <b>108</b> rows into <b>cdo_quotes</b>
I, [2019-10-31T12:47:33.920797 #17680]  INFO -- : [development] Importing <b>cdo_state_actions</b> table from <b>cdo-state-actions.csv</b>
I, [2019-10-31T12:47:33.959560 #17680]  INFO -- : [development] Imported <b>4</b> rows into <b>cdo_state_actions</b>
I, [2019-10-31T12:47:33.959988 #17680]  INFO -- : [development] Importing <b>cdo_promote_tools</b> table from <b>cdo-promote-tools.csv</b>
I, [2019-10-31T12:47:34.003915 #17680]  INFO -- : [development] Imported <b>12</b> rows into <b>cdo_promote_tools</b>
I, [2019-10-31T12:47:34.004368 #17680]  INFO -- : [development] Importing <b>cdo_partners</b> table from <b>cdo-partners.csv</b>
I, [2019-10-31T12:47:34.319499 #17680]  INFO -- : [development] Imported <b>563</b> rows into <b>cdo_partners</b>
I, [2019-10-31T12:47:34.319758 #17680]  INFO -- : [development] Importing <b>uk_quotes</b> table from <b>uk-quotes.csv</b>
I, [2019-10-31T12:47:34.377989 #17680]  INFO -- : [development] Imported <b>27</b> rows into <b>uk_quotes</b>
I, [2019-10-31T12:47:34.378251 #17680]  INFO -- : [development] Importing <b>cdo_cs_statistics</b> table from <b>cdo-cs-statistics.csv</b>
I, [2019-10-31T12:47:34.421796 #17680]  INFO -- : [development] Imported <b>9</b> rows into <b>cdo_cs_statistics</b>
I, [2019-10-31T12:47:34.422107 #17680]  INFO -- : [development] Importing <b>cdo_lessons</b> table from <b>cdo-lessons.csv</b>
I, [2019-10-31T12:47:34.477311 #17680]  INFO -- : [development] Imported <b>20</b> rows into <b>cdo_lessons</b>
